<?xml version="1.0" encoding="UTF-8"?>
<robot generator="Robot 7.3.2 (Python 3.12.3 on linux)" generated="2025-11-22T22:19:36.507461" rpa="false" schemaversion="5">
<suite id="s1" name="Tests" source="/home/islam/courses/testing/assignment2/test_automation/tests">
<suite id="s1-s1" name="Test" source="/home/islam/courses/testing/assignment2/test_automation/tests/test.robot">
<test id="s1-s1-t1" name="LOGIN_TEST" line="5">
<kw name="Log In" owner="common">
<kw name="Open Browser" owner="SeleniumLibrary">
<msg time="2025-11-22T22:19:36.686383" level="INFO">Opening browser 'firefox' to base url 'https://www.saucedemo.com/'.</msg>
<arg>${URL}</arg>
<arg>${BROWSER}</arg>
<doc>Opens a new browser instance to the optional ``url``.</doc>
<status status="PASS" start="2025-11-22T22:19:36.686135" elapsed="4.821277"/>
</kw>
<kw name="Wait Until Page Contains Element" owner="SeleniumLibrary">
<arg>${LOGIN_BUTTON}</arg>
<arg>timeout=80</arg>
<arg>error=LogInButtonNotFound</arg>
<doc>Waits until the element ``locator`` appears on the current page.</doc>
<status status="PASS" start="2025-11-22T22:19:41.507751" elapsed="0.018133"/>
</kw>
<kw name="Sleep" owner="BuiltIn">
<msg time="2025-11-22T22:19:42.526825" level="INFO">Slept 1 second.</msg>
<arg>1s</arg>
<doc>Pauses the test executed for the given time.</doc>
<status status="PASS" start="2025-11-22T22:19:41.526166" elapsed="1.000767"/>
</kw>
<kw name="Input Text" owner="SeleniumLibrary">
<msg time="2025-11-22T22:19:42.527370" level="INFO">Typing text 'standard_user' into text field '//*[@id="user-name"]'.</msg>
<arg>${USERNAME_FIELD}</arg>
<arg>${USERNAME}</arg>
<doc>Types the given ``text`` into the text field identified by ``locator``.</doc>
<status status="PASS" start="2025-11-22T22:19:42.527096" elapsed="0.045557"/>
</kw>
<kw name="Input Text" owner="SeleniumLibrary">
<msg time="2025-11-22T22:19:42.573112" level="INFO">Typing text 'secret_sauce' into text field '//*[@id="password"]'.</msg>
<arg>${PASSWORD_FIELD}</arg>
<arg>${PASSWORD}</arg>
<doc>Types the given ``text`` into the text field identified by ``locator``.</doc>
<status status="PASS" start="2025-11-22T22:19:42.572851" elapsed="0.024735"/>
</kw>
<kw name="Click Button" owner="SeleniumLibrary">
<msg time="2025-11-22T22:19:42.597992" level="INFO">Clicking button '//*[@id="login-button"]'.</msg>
<arg>${LOGIN_BUTTON}</arg>
<doc>Clicks the button identified by ``locator``.</doc>
<status status="PASS" start="2025-11-22T22:19:42.597759" elapsed="0.100575"/>
</kw>
<kw name="Wait Until Page Contains Element" owner="SeleniumLibrary">
<arg>${TITLE_TEXT}</arg>
<doc>Waits until the element ``locator`` appears on the current page.</doc>
<status status="PASS" start="2025-11-22T22:19:42.698516" elapsed="0.003120"/>
</kw>
<kw name="Close Browser" owner="SeleniumLibrary">
<doc>Closes the current browser.</doc>
<status status="PASS" start="2025-11-22T22:19:42.701829" elapsed="1.138329"/>
</kw>
<status status="PASS" start="2025-11-22T22:19:36.685516" elapsed="7.154760"/>
</kw>
<status status="PASS" start="2025-11-22T22:19:36.684933" elapsed="7.155565"/>
</test>
<test id="s1-s1-t2" name="LOGOUT_TEST" line="8">
<kw name="Log Out" owner="common">
<kw name="Open Browser" owner="SeleniumLibrary">
<msg time="2025-11-22T22:19:43.841612" level="INFO">Opening browser 'firefox' to base url 'https://www.saucedemo.com/'.</msg>
<arg>${URL}</arg>
<arg>${BROWSER}</arg>
<doc>Opens a new browser instance to the optional ``url``.</doc>
<status status="PASS" start="2025-11-22T22:19:43.841402" elapsed="4.410365"/>
</kw>
<kw name="Wait Until Page Contains Element" owner="SeleniumLibrary">
<arg>${LOGIN_BUTTON}</arg>
<arg>timeout=80</arg>
<arg>error=LogInButtonNotFound</arg>
<doc>Waits until the element ``locator`` appears on the current page.</doc>
<status status="PASS" start="2025-11-22T22:19:48.251955" elapsed="0.017231"/>
</kw>
<kw name="Sleep" owner="BuiltIn">
<msg time="2025-11-22T22:19:49.269726" level="INFO">Slept 1 second.</msg>
<arg>1s</arg>
<doc>Pauses the test executed for the given time.</doc>
<status status="PASS" start="2025-11-22T22:19:48.269407" elapsed="1.000427"/>
</kw>
<kw name="Input Text" owner="SeleniumLibrary">
<msg time="2025-11-22T22:19:49.270332" level="INFO">Typing text 'standard_user' into text field '//*[@id="user-name"]'.</msg>
<arg>${USERNAME_FIELD}</arg>
<arg>${USERNAME}</arg>
<doc>Types the given ``text`` into the text field identified by ``locator``.</doc>
<status status="PASS" start="2025-11-22T22:19:49.270038" elapsed="0.043931"/>
</kw>
<kw name="Input Text" owner="SeleniumLibrary">
<msg time="2025-11-22T22:19:49.314460" level="INFO">Typing text 'secret_sauce' into text field '//*[@id="password"]'.</msg>
<arg>${PASSWORD_FIELD}</arg>
<arg>${PASSWORD}</arg>
<doc>Types the given ``text`` into the text field identified by ``locator``.</doc>
<status status="PASS" start="2025-11-22T22:19:49.314144" elapsed="0.054162"/>
</kw>
<kw name="Click Button" owner="SeleniumLibrary">
<msg time="2025-11-22T22:19:49.368750" level="INFO">Clicking button '//*[@id="login-button"]'.</msg>
<arg>${LOGIN_BUTTON}</arg>
<doc>Clicks the button identified by ``locator``.</doc>
<status status="PASS" start="2025-11-22T22:19:49.368484" elapsed="0.101419"/>
</kw>
<kw name="Wait Until Page Contains Element" owner="SeleniumLibrary">
<arg>${TITLE_TEXT}</arg>
<doc>Waits until the element ``locator`` appears on the current page.</doc>
<status status="PASS" start="2025-11-22T22:19:49.470073" elapsed="0.003427"/>
</kw>
<kw name="Click Button" owner="SeleniumLibrary">
<msg time="2025-11-22T22:19:49.474102" level="INFO">Clicking button '//*[@id="react-burger-menu-btn"]'.</msg>
<arg>${MENU_BUTTON}</arg>
<doc>Clicks the button identified by ``locator``.</doc>
<status status="PASS" start="2025-11-22T22:19:49.473774" elapsed="0.073668"/>
</kw>
<kw name="Click Element" owner="SeleniumLibrary">
<msg time="2025-11-22T22:19:49.548096" level="INFO">Clicking element '//*[@id="logout_sidebar_link"]'.</msg>
<arg>${LOGOUT_BUTTON}</arg>
<doc>Click the element identified by ``locator``.</doc>
<status status="PASS" start="2025-11-22T22:19:49.547717" elapsed="0.076288"/>
</kw>
<kw name="Wait Until Page Contains Element" owner="SeleniumLibrary">
<arg>${LOGIN_BUTTON}</arg>
<doc>Waits until the element ``locator`` appears on the current page.</doc>
<status status="PASS" start="2025-11-22T22:19:49.624178" elapsed="0.003202"/>
</kw>
<kw name="Close Browser" owner="SeleniumLibrary">
<doc>Closes the current browser.</doc>
<status status="PASS" start="2025-11-22T22:19:49.627551" elapsed="0.979141"/>
</kw>
<status status="PASS" start="2025-11-22T22:19:43.841118" elapsed="6.765724"/>
</kw>
<status status="PASS" start="2025-11-22T22:19:43.840742" elapsed="6.766323"/>
</test>
<test id="s1-s1-t3" name="ADD_TO_CART_TEST" line="11">
<kw name="Add To Cart" owner="common">
<kw name="Open Browser" owner="SeleniumLibrary">
<msg time="2025-11-22T22:19:50.608206" level="INFO">Opening browser 'firefox' to base url 'https://www.saucedemo.com/'.</msg>
<arg>${URL}</arg>
<arg>${BROWSER}</arg>
<doc>Opens a new browser instance to the optional ``url``.</doc>
<status status="PASS" start="2025-11-22T22:19:50.607979" elapsed="4.191913"/>
</kw>
<kw name="Wait Until Page Contains Element" owner="SeleniumLibrary">
<arg>${LOGIN_BUTTON}</arg>
<arg>timeout=80</arg>
<arg>error=LogInButtonNotFound</arg>
<doc>Waits until the element ``locator`` appears on the current page.</doc>
<status status="PASS" start="2025-11-22T22:19:54.800098" elapsed="0.017537"/>
</kw>
<kw name="Sleep" owner="BuiltIn">
<msg time="2025-11-22T22:19:55.818324" level="INFO">Slept 1 second.</msg>
<arg>1s</arg>
<doc>Pauses the test executed for the given time.</doc>
<status status="PASS" start="2025-11-22T22:19:54.817865" elapsed="1.000742"/>
</kw>
<kw name="Input Text" owner="SeleniumLibrary">
<msg time="2025-11-22T22:19:55.819870" level="INFO">Typing text 'standard_user' into text field '//*[@id="user-name"]'.</msg>
<arg>${USERNAME_FIELD}</arg>
<arg>${USERNAME}</arg>
<doc>Types the given ``text`` into the text field identified by ``locator``.</doc>
<status status="PASS" start="2025-11-22T22:19:55.819060" elapsed="0.117370"/>
</kw>
<kw name="Input Text" owner="SeleniumLibrary">
<msg time="2025-11-22T22:19:55.936953" level="INFO">Typing text 'secret_sauce' into text field '//*[@id="password"]'.</msg>
<arg>${PASSWORD_FIELD}</arg>
<arg>${PASSWORD}</arg>
<doc>Types the given ``text`` into the text field identified by ``locator``.</doc>
<status status="PASS" start="2025-11-22T22:19:55.936606" elapsed="0.045253"/>
</kw>
<kw name="Click Button" owner="SeleniumLibrary">
<msg time="2025-11-22T22:19:55.982280" level="INFO">Clicking button '//*[@id="login-button"]'.</msg>
<arg>${LOGIN_BUTTON}</arg>
<doc>Clicks the button identified by ``locator``.</doc>
<status status="PASS" start="2025-11-22T22:19:55.982040" elapsed="0.113775"/>
</kw>
<kw name="Wait Until Page Contains Element" owner="SeleniumLibrary">
<arg>${TITLE_TEXT}</arg>
<doc>Waits until the element ``locator`` appears on the current page.</doc>
<status status="PASS" start="2025-11-22T22:19:56.095985" elapsed="0.002272"/>
</kw>
<kw name="Click Button" owner="SeleniumLibrary">
<msg time="2025-11-22T22:19:56.098669" level="INFO">Clicking button '//*[@id="add-to-cart-sauce-labs-backpack"]'.</msg>
<arg>${ADD_BACKPACK_BTN}</arg>
<doc>Clicks the button identified by ``locator``.</doc>
<status status="PASS" start="2025-11-22T22:19:56.098441" elapsed="0.065170"/>
</kw>
<kw name="Click Element" owner="SeleniumLibrary">
<msg time="2025-11-22T22:19:56.164028" level="INFO">Clicking element '//*[@class="shopping_cart_link"]'.</msg>
<arg>${CART_LINK}</arg>
<doc>Click the element identified by ``locator``.</doc>
<status status="PASS" start="2025-11-22T22:19:56.163806" elapsed="0.076066"/>
</kw>
<kw name="Wait Until Page Contains Element" owner="SeleniumLibrary">
<arg>${PRODUCT_NAME}</arg>
<doc>Waits until the element ``locator`` appears on the current page.</doc>
<status status="PASS" start="2025-11-22T22:19:56.240047" elapsed="0.003842"/>
</kw>
<kw name="Close Browser" owner="SeleniumLibrary">
<doc>Closes the current browser.</doc>
<status status="PASS" start="2025-11-22T22:19:56.244054" elapsed="0.960867"/>
</kw>
<status status="PASS" start="2025-11-22T22:19:50.607693" elapsed="6.597513"/>
</kw>
<status status="PASS" start="2025-11-22T22:19:50.607309" elapsed="6.598325"/>
</test>
<test id="s1-s1-t4" name="REMOVE_FROM_CART_TEST" line="14">
<kw name="Remove From Cart" owner="common">
<kw name="Open Browser" owner="SeleniumLibrary">
<msg time="2025-11-22T22:19:57.208390" level="INFO">Opening browser 'firefox' to base url 'https://www.saucedemo.com/'.</msg>
<arg>${URL}</arg>
<arg>${BROWSER}</arg>
<doc>Opens a new browser instance to the optional ``url``.</doc>
<status status="PASS" start="2025-11-22T22:19:57.207868" elapsed="3.845859"/>
</kw>
<kw name="Wait Until Page Contains Element" owner="SeleniumLibrary">
<arg>${LOGIN_BUTTON}</arg>
<arg>timeout=80</arg>
<arg>error=LogInButtonNotFound</arg>
<doc>Waits until the element ``locator`` appears on the current page.</doc>
<status status="PASS" start="2025-11-22T22:20:01.053960" elapsed="0.020448"/>
</kw>
<kw name="Sleep" owner="BuiltIn">
<msg time="2025-11-22T22:20:02.075105" level="INFO">Slept 1 second.</msg>
<arg>1s</arg>
<doc>Pauses the test executed for the given time.</doc>
<status status="PASS" start="2025-11-22T22:20:01.074661" elapsed="1.000754"/>
</kw>
<kw name="Input Text" owner="SeleniumLibrary">
<msg time="2025-11-22T22:20:02.076660" level="INFO">Typing text 'standard_user' into text field '//*[@id="user-name"]'.</msg>
<arg>${USERNAME_FIELD}</arg>
<arg>${USERNAME}</arg>
<doc>Types the given ``text`` into the text field identified by ``locator``.</doc>
<status status="PASS" start="2025-11-22T22:20:02.075869" elapsed="0.066321"/>
</kw>
<kw name="Input Text" owner="SeleniumLibrary">
<msg time="2025-11-22T22:20:02.142846" level="INFO">Typing text 'secret_sauce' into text field '//*[@id="password"]'.</msg>
<arg>${PASSWORD_FIELD}</arg>
<arg>${PASSWORD}</arg>
<doc>Types the given ``text`` into the text field identified by ``locator``.</doc>
<status status="PASS" start="2025-11-22T22:20:02.142460" elapsed="0.020015"/>
</kw>
<kw name="Click Button" owner="SeleniumLibrary">
<msg time="2025-11-22T22:20:02.163132" level="INFO">Clicking button '//*[@id="login-button"]'.</msg>
<arg>${LOGIN_BUTTON}</arg>
<doc>Clicks the button identified by ``locator``.</doc>
<status status="PASS" start="2025-11-22T22:20:02.162686" elapsed="0.142523"/>
</kw>
<kw name="Wait Until Page Contains Element" owner="SeleniumLibrary">
<arg>${TITLE_TEXT}</arg>
<doc>Waits until the element ``locator`` appears on the current page.</doc>
<status status="PASS" start="2025-11-22T22:20:02.305456" elapsed="0.006778"/>
</kw>
<kw name="Click Button" owner="SeleniumLibrary">
<msg time="2025-11-22T22:20:02.312826" level="INFO">Clicking button '//*[@id="add-to-cart-sauce-labs-backpack"]'.</msg>
<arg>${ADD_BACKPACK_BTN}</arg>
<doc>Clicks the button identified by ``locator``.</doc>
<status status="PASS" start="2025-11-22T22:20:02.312479" elapsed="0.094840"/>
</kw>
<kw name="Click Element" owner="SeleniumLibrary">
<msg time="2025-11-22T22:20:02.407828" level="INFO">Clicking element '//*[@class="shopping_cart_link"]'.</msg>
<arg>${CART_LINK}</arg>
<doc>Click the element identified by ``locator``.</doc>
<status status="PASS" start="2025-11-22T22:20:02.407548" elapsed="0.069047"/>
</kw>
<kw name="Wait Until Page Contains Element" owner="SeleniumLibrary">
<arg>${PRODUCT_NAME}</arg>
<doc>Waits until the element ``locator`` appears on the current page.</doc>
<status status="PASS" start="2025-11-22T22:20:02.476767" elapsed="0.002855"/>
</kw>
<kw name="Click Button" owner="SeleniumLibrary">
<msg time="2025-11-22T22:20:02.480010" level="INFO">Clicking button '//*[@id="remove-sauce-labs-backpack"]'.</msg>
<arg>${REMOVE_PRODUCT_BUTTON}</arg>
<doc>Clicks the button identified by ``locator``.</doc>
<status status="PASS" start="2025-11-22T22:20:02.479789" elapsed="0.070578"/>
</kw>
<kw name="Wait Until Page Does Not Contain Element" owner="SeleniumLibrary">
<arg>${CART_ITEM}</arg>
<doc>Waits until the element ``locator`` disappears from the current page.</doc>
<status status="PASS" start="2025-11-22T22:20:02.550590" elapsed="0.002924"/>
</kw>
<kw name="Close Browser" owner="SeleniumLibrary">
<doc>Closes the current browser.</doc>
<status status="PASS" start="2025-11-22T22:20:02.553773" elapsed="0.861453"/>
</kw>
<status status="PASS" start="2025-11-22T22:19:57.207235" elapsed="6.208101"/>
</kw>
<status status="PASS" start="2025-11-22T22:19:57.206189" elapsed="6.209304"/>
</test>
<test id="s1-s1-t5" name="INVALID_LOGIN_TEST" line="17">
<kw name="Invalid Login" owner="common">
<kw name="Open Browser" owner="SeleniumLibrary">
<msg time="2025-11-22T22:20:03.416658" level="INFO">Opening browser 'firefox' to base url 'https://www.saucedemo.com/'.</msg>
<arg>${URL}</arg>
<arg>${BROWSER}</arg>
<doc>Opens a new browser instance to the optional ``url``.</doc>
<status status="PASS" start="2025-11-22T22:20:03.416449" elapsed="3.890637"/>
</kw>
<kw name="Wait Until Page Contains Element" owner="SeleniumLibrary">
<arg>${LOGIN_BUTTON}</arg>
<arg>timeout=80</arg>
<arg>error=LogInButtonNotFound</arg>
<doc>Waits until the element ``locator`` appears on the current page.</doc>
<status status="PASS" start="2025-11-22T22:20:07.307241" elapsed="0.020851"/>
</kw>
<kw name="Sleep" owner="BuiltIn">
<msg time="2025-11-22T22:20:08.328816" level="INFO">Slept 1 second.</msg>
<arg>1s</arg>
<doc>Pauses the test executed for the given time.</doc>
<status status="PASS" start="2025-11-22T22:20:07.328372" elapsed="1.000724"/>
</kw>
<kw name="Input Text" owner="SeleniumLibrary">
<msg time="2025-11-22T22:20:08.330365" level="INFO">Typing text 'standard_user' into text field '//*[@id="user-name"]'.</msg>
<arg>${USERNAME_FIELD}</arg>
<arg>${USERNAME}</arg>
<doc>Types the given ``text`` into the text field identified by ``locator``.</doc>
<status status="PASS" start="2025-11-22T22:20:08.329564" elapsed="0.080602"/>
</kw>
<kw name="Input Text" owner="SeleniumLibrary">
<msg time="2025-11-22T22:20:08.410840" level="INFO">Typing text 'secret' into text field '//*[@id="password"]'.</msg>
<arg>${PASSWORD_FIELD}</arg>
<arg>${INVALID_PASSWORD}</arg>
<doc>Types the given ``text`` into the text field identified by ``locator``.</doc>
<status status="PASS" start="2025-11-22T22:20:08.410437" elapsed="0.016558"/>
</kw>
<kw name="Click Button" owner="SeleniumLibrary">
<msg time="2025-11-22T22:20:08.427473" level="INFO">Clicking button '//*[@id="login-button"]'.</msg>
<arg>${LOGIN_BUTTON}</arg>
<doc>Clicks the button identified by ``locator``.</doc>
<status status="PASS" start="2025-11-22T22:20:08.427227" elapsed="0.084924"/>
</kw>
<kw name="Wait Until Page Contains Element" owner="SeleniumLibrary">
<arg>${ERROR_MESSAGE}</arg>
<doc>Waits until the element ``locator`` appears on the current page.</doc>
<status status="PASS" start="2025-11-22T22:20:08.512317" elapsed="0.001952"/>
</kw>
<kw name="Close Browser" owner="SeleniumLibrary">
<doc>Closes the current browser.</doc>
<status status="PASS" start="2025-11-22T22:20:08.514414" elapsed="0.803174"/>
</kw>
<status status="PASS" start="2025-11-22T22:20:03.416166" elapsed="5.901538"/>
</kw>
<status status="PASS" start="2025-11-22T22:20:03.415781" elapsed="5.902102"/>
</test>
<status status="PASS" start="2025-11-22T22:19:36.535047" elapsed="32.783469"/>
</suite>
<status status="PASS" start="2025-11-22T22:19:36.509387" elapsed="32.809726"/>
</suite>
<statistics>
<total>
<stat pass="5" fail="0" skip="0">All Tests</stat>
</total>
<tag>
</tag>
<suite>
<stat name="Tests" id="s1" pass="5" fail="0" skip="0">Tests</stat>
<stat name="Test" id="s1-s1" pass="5" fail="0" skip="0">Tests.Test</stat>
</suite>
</statistics>
<errors>
</errors>
</robot>
